<?xml version="1.0" encoding="UTF-8"?>
<!-- Generated by org.testng.reporters.JUnitXMLReporter -->
<testsuite ignored="0" hostname="LAPTOP-CA349MM8" failures="1" tests="1" name="chromeTest" time="28.091" errors="0" timestamp="2024-08-29T10:32:05 IST">
  <testcase classname="testCases.TC001_AccounRegistrationTest" name="Verify_Account_Registrtion" time="21.305">
    <failure type="java.lang.AssertionError" message="null">
      <![CDATA[java.lang.AssertionError: null
at testCases.TC001_AccounRegistrationTest.Verify_Account_Registrtion(TC001_AccounRegistrationTest.java:71)
at java.base/java.util.ArrayList.forEach(ArrayList.java:1511)
at java.base/java.util.concurrent.FutureTask.run(FutureTask.java:264)
at java.base/java.util.concurrent.ThreadPoolExecutor.runWorker(ThreadPoolExecutor.java:1130)
at java.base/java.util.concurrent.ThreadPoolExecutor$Worker.run(ThreadPoolExecutor.java:630)
at java.base/java.lang.Thread.run(Thread.java:831)
... Removed 19 stack frames]]>
    </failure>
  </testcase> <!-- Verify_Account_Registrtion -->
</testsuite> <!-- chromeTest -->
